This is pdfTeX, Version 3.141592653-2.6-1.40.23 (TeX Live 2021/Arch Linux) (preloaded format=pdflatex 2022.3.29)  14 APR 2022 14:54
entering extended mode
 \write18 enabled.
 %&-line parsing enabled.
**custom_defs.tex
(./custom_defs.tex
LaTeX2e <2021-11-15> patch level 1
L3 programming layer <2022-02-24>)
*
! Emergency stop.
<*> custom_defs.tex
                   
End of file on the terminal!

 
Here is how much of TeX's memory you used:
 47 strings out of 478276
 609 string characters out of 5853013
 289381 words of memory out of 5000000
 18355 multiletter control sequences out of 15000+600000
 469259 words of font info for 28 fonts, out of 8000000 for 9000
 1141 hyphenation exceptions out of 8191
 13i,0n,12p,132b,10s stack positions out of 5000i,500n,10000p,200000b,80000s
!  ==> Fatal error occurred, no output PDF file produced!
